<?xml version="1.0" encoding="UTF-8"?>
<testsuite name="travelsafe.ItemServiceTest" time="0" tests="1" errors="0" skipped="1" failures="0">
  <properties>
[...]
</properties>
  <testcase name="travelsafe.ItemServiceTest" classname="travelsafe.ItemServiceTest" time="0">
    <skipped/>
    <system-out><![CDATA[22:44:05.627 [main] DEBUG org.springframework.test.context.junit4.SpringJUnit4ClassRunner - SpringJUnit4ClassRunner constructor called with [class travelsafe.TravelsafeApplicationTests]
22:44:05.689 [main] DEBUG org.springframework.test.context.BootstrapUtils - Instantiating CacheAwareContextLoaderDelegate from class [org.springframework.test.context.cache.DefaultCacheAwareContextLoaderDelegate]
22:44:05.738 [main] DEBUG org.springframework.test.context.BootstrapUtils - Instantiating BootstrapContext using constructor [public org.springframework.test.context.support.DefaultBootstrapContext(java.lang.Class,org.springframework.test.context.CacheAwareContextLoaderDelegate)]
22:44:05.810 [main] DEBUG org.springframework.test.context.BootstrapUtils - Instantiating TestContextBootstrapper for test class [travelsafe.TravelsafeApplicationTests] from class [org.springframework.boot.test.context.SpringBootTestContextBootstrapper]
22:44:05.873 [main] INFO org.springframework.boot.test.context.SpringBootTestContextBootstrapper - Neither @ContextConfiguration nor @ContextHierarchy found for test class [travelsafe.TravelsafeApplicationTests], using SpringBootContextLoader
22:44:05.904 [main] DEBUG org.springframework.test.context.support.AbstractContextLoader - Did not detect default resource location for test class [travelsafe.TravelsafeApplicationTests]: class path resource [travelsafe/TravelsafeApplicationTests-context.xml] does not exist
22:44:05.904 [main] DEBUG org.springframework.test.context.support.AbstractContextLoader - Did not detect default resource location for test class [travelsafe.TravelsafeApplicationTests]: class path resource [travelsafe/TravelsafeApplicationTestsContext.groovy] does not exist
22:44:05.904 [main] INFO org.springframework.test.context.support.AbstractContextLoader - Could not detect default resource locations for test class [travelsafe.TravelsafeApplicationTests]: no resource found for suffixes {-context.xml, Context.groovy}.
22:44:05.904 [main] INFO org.springframework.test.context.support.AnnotationConfigContextLoaderUtils - Could not detect default configuration classes for test class [travelsafe.TravelsafeApplicationTests]: TravelsafeApplicationTests does not declare any static, non-private, non-final, nested classes annotated with @Configuration.
22:44:06.167 [main] DEBUG org.springframework.test.context.support.ActiveProfilesUtils - Could not find an 'annotation declaring class' for annotation type [org.springframework.test.context.ActiveProfiles] and class [travelsafe.TravelsafeApplicationTests]
22:44:06.471 [main] DEBUG org.springframework.core.env.StandardEnvironment - Adding [systemProperties] PropertySource with lowest search precedence
22:44:06.486 [main] DEBUG org.springframework.core.env.StandardEnvironment - Adding [systemEnvironment] PropertySource with lowest search precedence
22:44:06.486 [main] DEBUG org.springframework.core.env.StandardEnvironment - Initialized StandardEnvironment with PropertySources [systemProperties,systemEnvironment]
22:44:06.549 [main] DEBUG org.springframework.core.io.support.PathMatchingResourcePatternResolver - Resolved classpath location [travelsafe/] to resources [URL [file:/E:/ReposGitHub/ePayment/travelsafe/target/test-classes/travelsafe/], URL [file:/E:/ReposGitHub/ePayment/travelsafe/target/classes/travelsafe/]]
22:44:06.549 [main] DEBUG org.springframework.core.io.support.PathMatchingResourcePatternResolver - Looking for matching resources in directory tree [E:\ReposGitHub\ePayment\travelsafe\target\test-classes\travelsafe]
22:44:06.549 [main] DEBUG org.springframework.core.io.support.PathMatchingResourcePatternResolver - Searching directory [E:\ReposGitHub\ePayment\travelsafe\target\test-classes\travelsafe] for files matching pattern [E:/ReposGitHub/ePayment/travelsafe/target/test-classes/travelsafe/*.class]
22:44:06.601 [main] DEBUG org.springframework.core.io.support.PathMatchingResourcePatternResolver - Looking for matching resources in directory tree [E:\ReposGitHub\ePayment\travelsafe\target\classes\travelsafe]
22:44:06.605 [main] DEBUG org.springframework.core.io.support.PathMatchingResourcePatternResolver - Searching directory [E:\ReposGitHub\ePayment\travelsafe\target\classes\travelsafe] for files matching pattern [E:/ReposGitHub/ePayment/travelsafe/target/classes/travelsafe/*.class]
22:44:06.619 [main] DEBUG org.springframework.core.io.support.PathMatchingResourcePatternResolver - Resolved location pattern [classpath*:travelsafe/*.class] to resources [file [E:\ReposGitHub\ePayment\travelsafe\target\test-classes\travelsafe\ItemServiceTest.class], file [E:\ReposGitHub\ePayment\travelsafe\target\test-classes\travelsafe\MailServiceTest.class], file [E:\ReposGitHub\ePayment\travelsafe\target\test-classes\travelsafe\ParticipantInInsuranceServiceTest.class], file [E:\ReposGitHub\ePayment\travelsafe\target\test-classes\travelsafe\PdfManagerTest.class], file [E:\ReposGitHub\ePayment\travelsafe\target\test-classes\travelsafe\RegionServiceTest.class], file [E:\ReposGitHub\ePayment\travelsafe\target\test-classes\travelsafe\TravelInsuranceServiceTest.class], file [E:\ReposGitHub\ePayment\travelsafe\target\test-classes\travelsafe\TravelsafeApplicationTests.class], file [E:\ReposGitHub\ePayment\travelsafe\target\test-classes\travelsafe\TypeOfRiskTest.class], file [E:\ReposGitHub\ePayment\travelsafe\target\classes\travelsafe\Constants.class], file [E:\ReposGitHub\ePayment\travelsafe\target\classes\travelsafe\TravelsafeApplication.class]]
22:44:06.894 [main] DEBUG org.springframework.context.annotation.ClassPathScanningCandidateComponentProvider - Identified candidate component class: file [E:\ReposGitHub\ePayment\travelsafe\target\classes\travelsafe\TravelsafeApplication.class]
22:44:06.894 [main] INFO org.springframework.boot.test.context.SpringBootTestContextBootstrapper - Found @SpringBootConfiguration travelsafe.TravelsafeApplication for test class travelsafe.TravelsafeApplicationTests
22:44:06.910 [main] DEBUG org.springframework.boot.test.context.SpringBootTestContextBootstrapper - @TestExecutionListeners is not present for class [travelsafe.TravelsafeApplicationTests]: using defaults.
22:44:06.941 [main] INFO org.springframework.boot.test.context.SpringBootTestContextBootstrapper - Loaded default TestExecutionListener class names from location [META-INF/spring.factories]: [org.springframework.boot.test.mock.mockito.MockitoTestExecutionListener, org.springframework.boot.test.mock.mockito.ResetMocksTestExecutionListener, org.springframework.boot.test.autoconfigure.restdocs.RestDocsTestExecutionListener, org.springframework.boot.test.autoconfigure.web.client.MockRestServiceServerResetTestExecutionListener, org.springframework.boot.test.autoconfigure.web.servlet.MockMvcPrintOnlyOnFailureTestExecutionListener, org.springframework.boot.test.autoconfigure.web.servlet.WebDriverTestExecutionListener, org.springframework.test.context.web.ServletTestExecutionListener, org.springframework.test.context.support.DirtiesContextBeforeModesTestExecutionListener, org.springframework.test.context.support.DependencyInjectionTestExecutionListener, org.springframework.test.context.support.DirtiesContextTestExecutionListener, org.springframework.test.context.transaction.TransactionalTestExecutionListener, org.springframework.test.context.jdbc.SqlScriptsTestExecutionListener]
22:44:07.051 [main] INFO org.springframework.boot.test.context.SpringBootTestContextBootstrapper - Using TestExecutionListeners: [org.springframework.test.context.web.ServletTestExecutionListener@55a561cf, org.springframework.test.context.support.DirtiesContextBeforeModesTestExecutionListener@3b938003, org.springframework.boot.test.autoconfigure.SpringBootDependencyInjectionTestExecutionListener@6f3b5d16, org.springframework.test.context.support.DirtiesContextTestExecutionListener@78b1cc93, org.springframework.test.context.transaction.TransactionalTestExecutionListener@6646153, org.springframework.test.context.jdbc.SqlScriptsTestExecutionListener@21507a04, org.springframework.boot.test.autoconfigure.web.servlet.MockMvcPrintOnlyOnFailureTestExecutionListener@143640d5, org.springframework.boot.test.mock.mockito.ResetMocksTestExecutionListener@6295d394, org.springframework.boot.test.autoconfigure.restdocs.RestDocsTestExecutionListener@475e586c, org.springframework.boot.test.mock.mockito.MockitoTestExecutionListener@657c8ad9, org.springframework.boot.test.autoconfigure.web.client.MockRestServiceServerResetTestExecutionListener@436a4e4b, org.springframework.boot.test.autoconfigure.web.servlet.WebDriverTestExecutionListener@f2f2cc1]
22:44:07.066 [main] DEBUG org.springframework.test.annotation.ProfileValueUtils - Retrieved @ProfileValueSourceConfiguration [null] for test class [travelsafe.TravelsafeApplicationTests]
22:44:07.066 [main] DEBUG org.springframework.test.annotation.ProfileValueUtils - Retrieved ProfileValueSource type [class org.springframework.test.annotation.SystemProfileValueSource] for class [travelsafe.TravelsafeApplicationTests]
]]></system-out>
  </testcase>
</testsuite>